<?xml version="1.0" encoding="UTF-8"?>
<testsuite xmlns:xsi="http://www.w3.org/2001/XMLSchema-instance" xsi:noNamespaceSchemaLocation="https://maven.apache.org/surefire/maven-surefire-plugin/xsd/surefire-test-report-3.0.xsd" version="3.0" name="com.example.lab5.controller.LoginControllerTest" time="0.885" tests="1" errors="0" skipped="0" failures="0">
  <properties>
[...]
</properties>
  <testcase name="testShowLoginForm" classname="com.example.lab5.controller.LoginControllerTest" time="0.045">
    <system-out><![CDATA[2024-12-15T16:27:51.189Z  INFO 308561 --- [           main] t.c.s.AnnotationConfigContextLoaderUtils : Could not detect default configuration classes for test class [com.example.lab5.controller.LoginControllerTest]: LoginControllerTest does not declare any static, non-private, non-final, nested classes annotated with @Configuration.
2024-12-15T16:27:51.253Z  INFO 308561 --- [           main] .b.t.c.SpringBootTestContextBootstrapper : Found @SpringBootConfiguration com.example.lab5.Lab5Application for test class com.example.lab5.controller.LoginControllerTest

  .   ____          _            __ _ _
 /\\ / ___'_ __ _ _(_)_ __  __ _ \ \ \ \
( ( )\___ | '_ | '_| | '_ \/ _` | \ \ \ \
 \\/  ___)| |_)| | | | | || (_| |  ) ) ) )
  '  |____| .__|_| |_|_| |_\__, | / / / /
 =========|_|==============|___/=/_/_/_/
 :: Spring Boot ::                (v3.1.4)

2024-12-15T16:27:51.319Z  INFO 308561 --- [           main] c.e.lab5.controller.LoginControllerTest  : Starting LoginControllerTest using Java 17.0.13 with PID 308561 (started by codespace in /workspaces/Lab-5/lab5)
2024-12-15T16:27:51.320Z  INFO 308561 --- [           main] c.e.lab5.controller.LoginControllerTest  : No active profile set, falling back to 1 default profile: "default"
2024-12-15T16:27:51.798Z  INFO 308561 --- [           main] o.s.s.web.DefaultSecurityFilterChain     : Will secure any request with [org.springframework.security.web.session.DisableEncodeUrlFilter@514dc5f4, org.springframework.security.web.context.request.async.WebAsyncManagerIntegrationFilter@633a11eb, org.springframework.security.web.context.SecurityContextHolderFilter@4adcc981, org.springframework.security.web.header.HeaderWriterFilter@729d6ee2, org.springframework.security.web.authentication.logout.LogoutFilter@d190639, org.springframework.security.web.savedrequest.RequestCacheAwareFilter@73aae7a, org.springframework.security.web.servletapi.SecurityContextHolderAwareRequestFilter@3856d0cb, org.springframework.security.web.authentication.AnonymousAuthenticationFilter@7a247711, org.springframework.security.web.access.ExceptionTranslationFilter@5c7c75fb, org.springframework.security.web.access.intercept.FilterSecurityInterceptor@1f85904a]
2024-12-15T16:27:52.002Z  INFO 308561 --- [           main] o.s.b.t.m.w.SpringBootMockServletContext : Initializing Spring TestDispatcherServlet ''
2024-12-15T16:27:52.003Z  INFO 308561 --- [           main] o.s.t.web.servlet.TestDispatcherServlet  : Initializing Servlet ''
2024-12-15T16:27:52.004Z  INFO 308561 --- [           main] o.s.t.web.servlet.TestDispatcherServlet  : Completed initialization in 1 ms
2024-12-15T16:27:52.015Z  INFO 308561 --- [           main] c.e.lab5.controller.LoginControllerTest  : Started LoginControllerTest in 0.751 seconds (process running for 7.189)
]]></system-out>
  </testcase>
</testsuite>